<?xml version="1.0" encoding="UTF-8"?>
<!-- Generated by org.testng.reporters.JUnitReportReporter -->
<testsuite skipped="0" hostname="TK-IN-PC" name="testNG.GroupingExample" tests="4" failures="0" timestamp="2020-01-08T23:57:46 IST" time="0.077" errors="0">
  <testcase name="moto2" time="0.011" classname="testNG.GroupingExample"/>
  <testcase name="vivo1" time="0.006" classname="testNG.GroupingExample"/>
  <testcase name="moto1" time="0.054" classname="testNG.GroupingExample"/>
  <testcase name="vivo2" time="0.006" classname="testNG.GroupingExample"/>
</testsuite> <!-- testNG.GroupingExample -->
