<?xml version="1.0" encoding="UTF-8"?>
<!-- Generated by org.testng.reporters.JUnitReportReporter -->
<testsuite skipped="0" hostname="TK-IN-PC" name="testNG.NewTest" tests="2" failures="0" timestamp="2020-03-16T17:02:44 IST" time="0.049" errors="0">
  <testcase name="test1" time="0.036" classname="testNG.NewTest"/>
  <system-out/>
  <testcase name="test2" time="0.013" classname="testNG.NewTest"/>
  <system-out/>
</testsuite> <!-- testNG.NewTest -->
