<?xml version="1.0" encoding="UTF-8"?>
<!-- Generated by org.testng.reporters.JUnitReportReporter -->
<testsuite skipped="0" hostname="TK-IN-PC" name="testNG.SampleTestCase" tests="1" failures="0" timestamp="2020-03-26T16:01:24 IST" time="5.822" errors="0">
  <testcase name="openBrowser" time="5.822" classname="testNG.SampleTestCase"/>
  <system-out/>
</testsuite> <!-- testNG.SampleTestCase -->
