<?xml version="1.0" encoding="UTF-8"?>
<!-- Generated by org.testng.reporters.JUnitReportReporter -->
<testsuite skipped="0" hostname="TK-IN-PC" name="testNG.AnnotationsHierarchyExample" tests="3" failures="0" timestamp="2020-03-26T15:55:18 IST" time="0.019" errors="0">
  <testcase name="test1" time="0.008" classname="testNG.AnnotationsHierarchyExample"/>
  <system-out/>
  <testcase name="test2" time="0.003" classname="testNG.AnnotationsHierarchyExample"/>
  <system-out/>
  <testcase name="test3" time="0.008" classname="testNG.AnnotationsHierarchyExample"/>
  <system-out/>
</testsuite> <!-- testNG.AnnotationsHierarchyExample -->
