<?xml version="1.0" encoding="UTF-8"?>
<!-- Generated by org.testng.reporters.JUnitReportReporter -->
<testsuite skipped="0" hostname="TK-IN-PC" name="testNG.AssersionExample" tests="1" failures="0" timestamp="2020-01-09T11:07:36 IST" time="0.063" errors="0">
  <testcase name="checkEqual" time="0.063" classname="testNG.AssersionExample"/>
</testsuite> <!-- testNG.AssersionExample -->
