<?xml version="1.0" encoding="UTF-8"?>
<!-- Generated by org.testng.reporters.JUnitReportReporter -->
<testsuite skipped="0" hostname="TK-IN-PC" name="testNG.DependanciesManagement" tests="3" failures="0" timestamp="2020-03-26T12:34:38 IST" time="0.006" errors="0">
  <testcase name="college" time="0.002" classname="testNG.DependanciesManagement"/>
  <system-out/>
  <testcase name="higherSecondary" time="0.002" classname="testNG.DependanciesManagement"/>
  <system-out/>
  <testcase name="highSchool" time="0.002" classname="testNG.DependanciesManagement"/>
  <system-out/>
</testsuite> <!-- testNG.DependanciesManagement -->
