<?xml version="1.0" encoding="UTF-8"?>
<!-- Generated by org.testng.reporters.JUnitReportReporter -->
<testsuite skipped="0" hostname="TK-IN-PC" name="testNG.ParallelTesting" tests="2" failures="0" timestamp="2020-01-09T10:13:59 IST" time="28.953" errors="0">
  <testcase name="openBing" time="12.774" classname="testNG.ParallelTesting"/>
  <testcase name="openGoogle" time="16.179" classname="testNG.ParallelTesting"/>
</testsuite> <!-- testNG.ParallelTesting -->
