<?xml version="1.0" encoding="UTF-8"?>
<!-- Generated by org.testng.reporters.JUnitReportReporter -->
<testsuite skipped="0" hostname="TK-IN-PC" name="testNG.SuiteExample" tests="2" failures="0" timestamp="2020-03-26T16:04:36 IST" time="1.845" errors="0">
  <testcase name="openGoogle" time="1.488" classname="testNG.SuiteExample"/>
  <system-out/>
  <testcase name="openBing" time="0.357" classname="testNG.SuiteExample"/>
  <system-out/>
</testsuite> <!-- testNG.SuiteExample -->
