<?xml version="1.0" encoding="UTF-8"?>
<!-- Generated by org.testng.reporters.JUnitReportReporter -->
<testsuite skipped="0" hostname="TK-IN-PC" name="testNG.ParameterizationExample" tests="1" failures="0" timestamp="2020-01-09T10:00:59 IST" time="0.064" errors="0">
  <testcase name="prinName" time="0.064" classname="testNG.ParameterizationExample"/>
</testsuite> <!-- testNG.ParameterizationExample -->
