<?xml version="1.0" encoding="UTF-8"?>
<!-- Generated by org.testng.reporters.JUnitReportReporter -->
<testsuite skipped="1" hostname="TK-IN-PC" name="testNG.Skip_A_TestCases" tests="6" failures="0" timestamp="2020-01-08T23:30:34 IST" time="0.033" errors="0">
  <testcase name="startTheCar" time="0.006" classname="testNG.Skip_A_TestCases"/>
  <testcase name="putFirstGear" time="0.009" classname="testNG.Skip_A_TestCases"/>
  <testcase name="putSecondGear" time="0.006" classname="testNG.Skip_A_TestCases"/>
  <testcase name="putThirdGear" time="0.006" classname="testNG.Skip_A_TestCases"/>
  <testcase name="putFourthGear" time="0.006" classname="testNG.Skip_A_TestCases"/>
  <testcase name="turnOnMusic" classname="testNG.Skip_A_TestCases">
    <skipped/>
  </testcase> <!-- turnOnMusic -->
</testsuite> <!-- testNG.Skip_A_TestCases -->
